TN:
SF:C:\Users\kakje\Documents\TestCoverage\test-coverage\index.js
FN:1,add
FN:5,subtract
FN:9,numberDescription
FN:16,filterArray
FN:18,(anonymous_4)
FN:22,(anonymous_5)
FN:26,(anonymous_6)
FNF:7
FNH:7
FNDA:1,add
FNDA:1,subtract
FNDA:3,numberDescription
FNDA:3,filterArray
FNDA:6,(anonymous_4)
FNDA:7,(anonymous_5)
FNDA:8,(anonymous_6)
DA:2,1
DA:6,1
DA:10,3
DA:11,1
DA:13,2
DA:17,3
DA:18,1
DA:19,6
DA:21,2
DA:22,1
DA:23,7
DA:26,1
DA:27,8
DA:31,1
LF:14
LH:14
BRDA:10,0,0,1
BRDA:10,0,1,2
BRDA:13,1,0,1
BRDA:13,1,1,1
BRDA:17,2,0,1
BRDA:17,2,1,2
BRDA:21,3,0,1
BRDA:21,3,1,1
BRF:8
BRH:8
end_of_record
