TN:
SF:C:\Users\kakje\Documents\TestCoverage\test-coverage\index.js
FN:1,add
FN:5,subtract
FN:10,multiply
FN:14,numberDescription
FN:22,filterArray
FN:24,(anonymous_5)
FN:28,(anonymous_6)
FN:32,(anonymous_7)
FNF:8
FNH:7
FNDA:1,add
FNDA:1,subtract
FNDA:0,multiply
FNDA:2,numberDescription
FNDA:3,filterArray
FNDA:6,(anonymous_5)
FNDA:7,(anonymous_6)
FNDA:8,(anonymous_7)
DA:2,1
DA:6,1
DA:11,0
DA:16,2
DA:17,0
DA:19,2
DA:23,3
DA:24,1
DA:25,6
DA:27,2
DA:28,1
DA:29,7
DA:32,1
DA:33,8
DA:37,1
LF:15
LH:13
BRDA:16,0,0,0
BRDA:16,0,1,2
BRDA:19,1,0,1
BRDA:19,1,1,1
BRDA:23,2,0,1
BRDA:23,2,1,2
BRDA:27,3,0,1
BRDA:27,3,1,1
BRF:8
BRH:7
end_of_record
